
12/6/2023 10:06:23 PM |   ST2 |     1 |         -1 |  12/6/2023 10:06:00 PM |        36123 |            0 |            0 |            0 |      0 |      0 |                0 | Condition ST2 reached
12/6/2023 10:06:23 PM |   ST2 |     1 |         -1 |  12/6/2023 10:06:00 PM |        36123 |            0 |            0 |            0 |      0 |      0 |                0 | Condition ST2 reached
12/6/2023 10:06:28 PM |   ST2 |     1 |         -1 |  12/6/2023 10:06:00 PM |        36123 |            0 |            0 |            0 |      2 |      0 |                0 | <ST2> Request to Open Sent
12/6/2023 10:06:33 PM |   ST2 |     1 |        388 |  12/6/2023 10:06:00 PM |        36123 |            0 |        36061 |        36371 |      2 |      2 |            36121 | <ST2>Order filled completely
12/6/2023 10:56:04 PM |   ST2 |     1 |        388 |  12/6/2023 10:06:00 PM |        36123 |        36117 |        36061 |        36371 |      2 |      2 |                0 | <ST2> Request to Close Sent
12/6/2023 10:56:04 PM |   ST2 |     1 |        389 |  12/6/2023 10:06:00 PM |        36123 |        36117 |        36061 |        36371 |      2 |      2 |                0 | <ST2>Order 389 CLOSE POSITION - Timeout before end of trading hours
12/6/2023 10:56:09 PM |   ST  |   ID  |     ID_IB  |          Trigger Time  |    LMT Open  |   LMT Close |         SL0  |          PT  |  Quantity  |  Filled  |    AvgPriceFill  |  INIT               
12/6/2023 10:56:14 PM |   ST2 |     2 |         -1 |  12/6/2023 10:06:00 PM |            0 |            0 |            0 |            0 |      0 |      0 |                0 | Condition ST2 reached
12/6/2023 10:56:19 PM |   ST2 |     2 |         -1 |  12/6/2023 10:06:00 PM |            0 |            0 |            0 |            0 |      0 |      0 |                0 | Condition ST2 reached
12/6/2023 10:56:24 PM |   ST2 |     2 |         -1 |  12/6/2023 10:06:00 PM |            0 |            0 |            0 |            0 |      0 |      0 |                0 | Condition ST2 reached
12/6/2023 10:56:29 PM |   ST2 |     2 |         -1 |  12/6/2023 10:06:00 PM |            0 |            0 |            0 |            0 |      0 |      0 |                0 | Condition ST2 reached
12/6/2023 10:56:34 PM |   ST2 |     2 |         -1 |  12/6/2023 10:06:00 PM |            0 |            0 |            0 |            0 |      0 |      0 |                0 | Condition ST2 reached
12/6/2023 10:56:39 PM |   ST2 |     2 |         -1 |  12/6/2023 10:06:00 PM |            0 |            0 |            0 |            0 |      0 |      0 |                0 | Condition ST2 reached
12/6/2023 10:56:44 PM |   ST2 |     2 |         -1 |  12/6/2023 10:06:00 PM |            0 |            0 |            0 |            0 |      0 |      0 |                0 | Condition ST2 reached
12/6/2023 10:56:49 PM |   ST2 |     2 |         -1 |  12/6/2023 10:06:00 PM |            0 |            0 |            0 |            0 |      0 |      0 |                0 | Condition ST2 reached
12/6/2023 10:56:54 PM |   ST2 |     2 |         -1 |  12/6/2023 10:06:00 PM |            0 |            0 |            0 |            0 |      0 |      0 |                0 | Condition ST2 reached
12/6/2023 10:56:59 PM |   ST2 |     2 |         -1 |  12/6/2023 10:06:00 PM |            0 |            0 |            0 |            0 |      0 |      0 |                0 | Condition ST2 reached
12/6/2023 10:57:04 PM |   ST2 |     2 |         -1 |  12/6/2023 10:06:00 PM |            0 |            0 |            0 |            0 |      0 |      0 |                0 | Condition ST2 reached
12/6/2023 10:57:09 PM |   ST2 |     2 |         -1 |  12/6/2023 10:06:00 PM |            0 |            0 |            0 |            0 |      0 |      0 |                0 | Condition ST2 reached
12/6/2023 10:57:14 PM |   ST2 |     2 |         -1 |  12/6/2023 10:06:00 PM |            0 |            0 |            0 |            0 |      0 |      0 |                0 | Condition ST2 reached
12/6/2023 10:57:19 PM |   ST2 |     2 |         -1 |  12/6/2023 10:06:00 PM |            0 |            0 |            0 |            0 |      0 |      0 |                0 | Condition ST2 reached
12/6/2023 10:57:24 PM |   ST2 |     2 |         -1 |  12/6/2023 10:06:00 PM |            0 |            0 |            0 |            0 |      0 |      0 |                0 | Condition ST2 reached
12/6/2023 10:57:29 PM |   ST2 |     2 |         -1 |  12/6/2023 10:06:00 PM |            0 |            0 |            0 |            0 |      0 |      0 |                0 | Condition ST2 reached
12/6/2023 10:57:34 PM |   ST2 |     2 |         -1 |  12/6/2023 10:06:00 PM |            0 |            0 |            0 |            0 |      0 |      0 |                0 | Condition ST2 reached
12/6/2023 10:57:39 PM |   ST2 |     2 |         -1 |  12/6/2023 10:06:00 PM |            0 |            0 |            0 |            0 |      0 |      0 |                0 | Condition ST2 reached
12/6/2023 10:57:44 PM |   ST2 |     2 |         -1 |  12/6/2023 10:06:00 PM |            0 |            0 |            0 |            0 |      0 |      0 |                0 | Condition ST2 reached
12/6/2023 10:57:49 PM |   ST2 |     2 |         -1 |  12/6/2023 10:06:00 PM |            0 |            0 |            0 |            0 |      0 |      0 |                0 | Condition ST2 reached
12/6/2023 10:57:54 PM |   ST2 |     2 |         -1 |  12/6/2023 10:06:00 PM |            0 |            0 |            0 |            0 |      0 |      0 |                0 | Condition ST2 reached
12/6/2023 10:57:59 PM |   ST2 |     2 |         -1 |  12/6/2023 10:06:00 PM |            0 |            0 |            0 |            0 |      0 |      0 |                0 | Condition ST2 reached
12/6/2023 10:58:04 PM |   ST2 |     2 |         -1 |  12/6/2023 10:06:00 PM |            0 |            0 |            0 |            0 |      0 |      0 |                0 | Condition ST2 reached
12/6/2023 10:58:09 PM |   ST2 |     2 |         -1 |  12/6/2023 10:06:00 PM |            0 |            0 |            0 |            0 |      0 |      0 |                0 | Condition ST2 reached
12/6/2023 10:58:14 PM |   ST2 |     2 |         -1 |  12/6/2023 10:06:00 PM |            0 |            0 |            0 |            0 |      0 |      0 |                0 | Condition ST2 reached
12/6/2023 10:58:19 PM |   ST2 |     2 |         -1 |  12/6/2023 10:06:00 PM |            0 |            0 |            0 |            0 |      0 |      0 |                0 | Condition ST2 reached
12/6/2023 10:58:25 PM |   ST2 |     2 |         -1 |  12/6/2023 10:06:00 PM |            0 |            0 |            0 |            0 |      0 |      0 |                0 | Condition ST2 reached
12/6/2023 10:58:30 PM |   ST2 |     2 |         -1 |  12/6/2023 10:06:00 PM |            0 |            0 |            0 |            0 |      0 |      0 |                0 | Condition ST2 reached
12/6/2023 10:58:35 PM |   ST2 |     2 |         -1 |  12/6/2023 10:06:00 PM |            0 |            0 |            0 |            0 |      0 |      0 |                0 | Condition ST2 reached
12/6/2023 10:58:40 PM |   ST2 |     2 |         -1 |  12/6/2023 10:06:00 PM |            0 |            0 |            0 |            0 |      0 |      0 |                0 | Condition ST2 reached
12/6/2023 10:58:45 PM |   ST2 |     2 |         -1 |  12/6/2023 10:06:00 PM |            0 |            0 |            0 |            0 |      0 |      0 |                0 | Condition ST2 reached
12/6/2023 10:58:50 PM |   ST2 |     2 |         -1 |  12/6/2023 10:06:00 PM |            0 |            0 |            0 |            0 |      0 |      0 |                0 | Condition ST2 reached
12/6/2023 10:59:31 PM |   ST  |   ID  |     ID_IB  |          Trigger Time  |    LMT Open  |   LMT Close |         SL0  |          PT  |  Quantity  |  Filled  |    AvgPriceFill  |  INIT               
12/7/2023 6:41:44 AM |   ST  |   ID  |     ID_IB  |          Trigger Time  |    LMT Open  |   LMT Close |         SL0  |          PT  |  Quantity  |  Filled  |    AvgPriceFill  |  INIT               
12/7/2023 7:19:35 AM |   ST  |   ID  |     ID_IB  |          Trigger Time  |    LMT Open  |   LMT Close |         SL0  |          PT  |  Quantity  |  Filled  |    AvgPriceFill  |  INIT               
12/7/2023 10:43:59 AM |   ST2 |     1 |         -1 |  12/7/2023 10:44:00 AM |        36040 |            0 |            0 |            0 |      0 |      0 |                0 | Condition ST2 reached
12/7/2023 10:44:04 AM |   ST2 |     1 |         -1 |  12/7/2023 10:44:00 AM |        36040 |            0 |            0 |            0 |      2 |      0 |                0 | <ST2> Request to Open Sent
12/7/2023 10:44:09 AM |   ST2 |     1 |        390 |  12/7/2023 10:44:00 AM |        36040 |            0 |        35980 |        36290 |      2 |      2 |            36040 | <ST2>Order filled completely
12/7/2023 12:50:02 PM |   ST2 |     1 |        390 |  12/7/2023 10:44:00 AM |        36040 |        36041 |        35980 |        36290 |      2 |      2 |                0 | <ST2> Request to Close Sent
12/7/2023 12:50:02 PM |   ST2 |     1 |        391 |  12/7/2023 10:44:00 AM |        36040 |        36041 |        35980 |        36290 |      2 |      2 |                0 | <ST2>Order 391 CLOSE POSITION - Open Timeout 90min
12/7/2023 12:50:07 PM |   ST  |   ID  |     ID_IB  |          Trigger Time  |    LMT Open  |   LMT Close |         SL0  |          PT  |  Quantity  |  Filled  |    AvgPriceFill  |  INIT               
12/7/2023 6:58:48 PM |   ST  |   ID  |     ID_IB  |          Trigger Time  |    LMT Open  |   LMT Close |         SL0  |          PT  |  Quantity  |  Filled  |    AvgPriceFill  |  INIT               
12/7/2023 7:06:15 PM |   ST  |   ID  |     ID_IB  |          Trigger Time  |    LMT Open  |   LMT Close |         SL0  |          PT  |  Quantity  |  Filled  |    AvgPriceFill  |  INIT               
12/7/2023 9:32:00 PM |   ST2 |     1 |         -1 |   12/7/2023 9:32:00 PM |        36168 |            0 |            0 |            0 |      0 |      0 |                0 | Condition ST2 reached
12/7/2023 9:32:06 PM |   ST2 |     1 |         -1 |   12/7/2023 9:32:00 PM |        36168 |            0 |            0 |            0 |      2 |      0 |                0 | <ST2> Request to Open Sent
12/7/2023 9:32:11 PM |   ST2 |     1 |        392 |   12/7/2023 9:32:00 PM |        36168 |            0 |        36109 |        36419 |      2 |      2 |            36169 | <ST2>Order filled completely
12/7/2023 10:56:08 PM |   ST2 |     1 |        392 |   12/7/2023 9:32:00 PM |        36168 |        36146 |        36109 |        36419 |      2 |      2 |                0 | <ST2> Request to Close Sent
12/7/2023 10:56:08 PM |   ST2 |     1 |        393 |   12/7/2023 9:32:00 PM |        36168 |        36146 |        36109 |        36419 |      2 |      2 |                0 | <ST2>Order 393 CLOSE POSITION - Timeout before end of trading hours
12/7/2023 10:56:13 PM |   ST  |   ID  |     ID_IB  |          Trigger Time  |    LMT Open  |   LMT Close |         SL0  |          PT  |  Quantity  |  Filled  |    AvgPriceFill  |  INIT               
12/7/2023 10:59:04 PM |   ST  |   ID  |     ID_IB  |          Trigger Time  |    LMT Open  |   LMT Close |         SL0  |          PT  |  Quantity  |  Filled  |    AvgPriceFill  |  INIT               
12/7/2023 10:59:37 PM |   ST  |   ID  |     ID_IB  |          Trigger Time  |    LMT Open  |   LMT Close |         SL0  |          PT  |  Quantity  |  Filled  |    AvgPriceFill  |  INIT               
12/7/2023 11:01:36 PM |   ST  |   ID  |     ID_IB  |          Trigger Time  |    LMT Open  |   LMT Close |         SL0  |          PT  |  Quantity  |  Filled  |    AvgPriceFill  |  INIT               
12/7/2023 11:03:38 PM |   ST  |   ID  |     ID_IB  |          Trigger Time  |    LMT Open  |   LMT Close |         SL0  |          PT  |  Quantity  |  Filled  |    AvgPriceFill  |  INIT               
12/7/2023 11:05:18 PM |   ST  |   ID  |     ID_IB  |          Trigger Time  |    LMT Open  |   LMT Close |         SL0  |          PT  |  Quantity  |  Filled  |    AvgPriceFill  |  INIT               
12/7/2023 11:11:27 PM |   ST  |   ID  |     ID_IB  |          Trigger Time  |    LMT Open  |   LMT Close |         SL0  |          PT  |  Quantity  |  Filled  |    AvgPriceFill  |  INIT               
12/8/2023 6:53:15 AM |   ST  |   ID  |     ID_IB  |          Trigger Time  |    LMT Open  |   LMT Close |         SL0  |          PT  |  Quantity  |  Filled  |    AvgPriceFill  |  INIT               
12/8/2023 7:12:56 AM |   ST  |   ID  |     ID_IB  |          Trigger Time  |    LMT Open  |   LMT Close |         SL0  |          PT  |  Quantity  |  Filled  |    AvgPriceFill  |  INIT               
12/8/2023 9:28:08 AM |   ST2 |     1 |         -1 |   12/8/2023 9:28:00 AM |        36145 |            0 |            0 |            0 |      0 |      0 |                0 | Condition ST2 reached
12/8/2023 9:28:13 AM |   ST2 |     1 |         -1 |   12/8/2023 9:28:00 AM |        36145 |            0 |            0 |            0 |      2 |      0 |                0 | <ST2> Request to Open Sent
12/8/2023 9:28:24 AM |   ST2 |     1 |        394 |   12/8/2023 9:28:00 AM |        36145 |            0 |        36086 |        36396 |      2 |      2 |            36146 | <ST2>Order filled completely
12/8/2023 11:00:36 AM |   ST  |   ID  |     ID_IB  |          Trigger Time  |    LMT Open  |   LMT Close |         SL0  |          PT  |  Quantity  |  Filled  |    AvgPriceFill  |  INIT               
12/8/2023 1:42:05 PM |   ST2 |     1 |         -1 |   12/8/2023 1:42:00 PM |        36122 |            0 |            0 |            0 |      0 |      0 |                0 | Condition ST2 reached
12/8/2023 1:42:10 PM |   ST2 |     1 |         -1 |   12/8/2023 1:42:00 PM |        36122 |            0 |            0 |            0 |      2 |      0 |                0 | <ST2> Request to Open Sent
12/8/2023 1:42:15 PM |   ST2 |     1 |        395 |   12/8/2023 1:42:00 PM |        36122 |            0 |        36062 |        36372 |      2 |      2 |            36122 | <ST2>Order filled completely
12/8/2023 2:30:10 PM |   ST2 |     1 |        395 |   12/8/2023 1:42:00 PM |        36122 |        36046 |        36062 |        36372 |      2 |      2 |                0 | <ST2> Request to Close Sent
12/8/2023 2:30:16 PM |   ST2 |     1 |        396 |   12/8/2023 1:42:00 PM |        36122 |        36046 |        36062 |        36372 |      2 |      2 |                0 | <ST2>Order 396 CLOSE POSITION - SL0
12/8/2023 2:30:20 PM |   ST  |   ID  |     ID_IB  |          Trigger Time  |    LMT Open  |   LMT Close |         SL0  |          PT  |  Quantity  |  Filled  |    AvgPriceFill  |  INIT               
12/8/2023 6:20:00 PM |   ST2 |     2 |         -1 |   12/8/2023 6:20:00 PM |        36172 |            0 |            0 |            0 |      0 |      0 |                0 | Condition ST2 reached
12/8/2023 6:20:05 PM |   ST2 |     2 |         -1 |   12/8/2023 6:20:00 PM |        36172 |            0 |            0 |            0 |      2 |      0 |                0 | <ST2> Request to Open Sent
12/8/2023 6:21:49 PM |   ST2 |     2 |         -1 |   12/8/2023 6:20:00 PM |        36172 |            0 |            0 |            0 |      2 |      0 |                0 | <ST2> Request to Open Sent
12/8/2023 6:21:54 PM |   ST2 |     2 |        397 |   12/8/2023 6:20:00 PM |        36172 |            0 |        36116 |        36426 |      2 |      2 |            36176 | <ST2>Order filled completely
12/8/2023 9:56:02 PM |   ST2 |     2 |        397 |   12/8/2023 6:20:00 PM |        36172 |        36288 |        36126 |        36426 |      2 |      2 |                0 | <ST2> Request to Close Sent
12/8/2023 9:56:02 PM |   ST2 |     2 |        398 |   12/8/2023 6:20:00 PM |        36172 |        36288 |        36126 |        36426 |      2 |      2 |                0 | <ST2>Order 398 CLOSE POSITION - Open Timeout 90min
12/8/2023 9:56:07 PM |   ST  |   ID  |     ID_IB  |          Trigger Time  |    LMT Open  |   LMT Close |         SL0  |          PT  |  Quantity  |  Filled  |    AvgPriceFill  |  INIT               
12/8/2023 11:13:37 PM |   ST  |   ID  |     ID_IB  |          Trigger Time  |    LMT Open  |   LMT Close |         SL0  |          PT  |  Quantity  |  Filled  |    AvgPriceFill  |  INIT               
12/10/2023 11:13:09 PM |   ST  |   ID  |     ID_IB  |          Trigger Time  |    LMT Open  |   LMT Close |         SL0  |          PT  |  Quantity  |  Filled  |    AvgPriceFill  |  INIT               
12/11/2023 6:52:54 AM |   ST  |   ID  |     ID_IB  |          Trigger Time  |    LMT Open  |   LMT Close |         SL0  |          PT  |  Quantity  |  Filled  |    AvgPriceFill  |  INIT               
12/11/2023 4:41:48 PM |   ST  |   ID  |     ID_IB  |          Trigger Time  |    LMT Open  |   LMT Close |         SL0  |          PT  |  Quantity  |  Filled  |    AvgPriceFill  |  INIT               
12/11/2023 4:51:24 PM |   ST  |   ID  |     ID_IB  |          Trigger Time  |    LMT Open  |   LMT Close |         SL0  |          PT  |  Quantity  |  Filled  |    AvgPriceFill  |  INIT               
12/11/2023 6:58:30 PM |   ST  |   ID  |     ID_IB  |          Trigger Time  |    LMT Open  |   LMT Close |         SL0  |          PT  |  Quantity  |  Filled  |    AvgPriceFill  |  INIT               
12/11/2023 7:07:24 PM |   ST  |   ID  |     ID_IB  |          Trigger Time  |    LMT Open  |   LMT Close |         SL0  |          PT  |  Quantity  |  Filled  |    AvgPriceFill  |  INIT               
12/11/2023 7:11:06 PM |   ST  |   ID  |     ID_IB  |          Trigger Time  |    LMT Open  |   LMT Close |         SL0  |          PT  |  Quantity  |  Filled  |    AvgPriceFill  |  INIT               
12/11/2023 7:35:45 PM |   ST  |   ID  |     ID_IB  |          Trigger Time  |    LMT Open  |   LMT Close |         SL0  |          PT  |  Quantity  |  Filled  |    AvgPriceFill  |  INIT               
12/11/2023 7:46:59 PM |   ST  |   ID  |     ID_IB  |          Trigger Time  |    LMT Open  |   LMT Close |         SL0  |          PT  |  Quantity  |  Filled  |    AvgPriceFill  |  INIT               
12/11/2023 7:48:57 PM |   ST  |   ID  |     ID_IB  |          Trigger Time  |    LMT Open  |   LMT Close |         SL0  |          PT  |  Quantity  |  Filled  |    AvgPriceFill  |  INIT               
12/11/2023 8:09:47 PM |   ST  |   ID  |     ID_IB  |          Trigger Time  |    LMT Open  |   LMT Close |         SL0  |          PT  |  Quantity  |  Filled  |    AvgPriceFill  |  INIT               
12/11/2023 9:53:01 PM |   ST  |   ID  |     ID_IB  |          Trigger Time  |    LMT Open  |   LMT Close |         SL0  |          PT  |  Quantity  |  Filled  |    AvgPriceFill  |  INIT               
12/11/2023 10:00:35 PM |   ST  |   ID  |     ID_IB  |          Trigger Time  |    LMT Open  |   LMT Close |         SL0  |          PT  |  Quantity  |  Filled  |    AvgPriceFill  |  INIT               
12/11/2023 10:06:04 PM |   ST  |   ID  |     ID_IB  |          Trigger Time  |    LMT Open  |   LMT Close |         SL0  |          PT  |  Quantity  |  Filled  |    AvgPriceFill  |  INIT               
12/11/2023 10:13:26 PM |   ST  |   ID  |     ID_IB  |          Trigger Time  |    LMT Open  |   LMT Close |         SL0  |          PT  |  Quantity  |  Filled  |    AvgPriceFill  |  INIT               
12/11/2023 10:36:23 PM |   ST  |   ID  |     ID_IB  |          Trigger Time  |    LMT Open  |   LMT Close |         SL0  |          PT  |  Quantity  |  Filled  |    AvgPriceFill  |  INIT               
12/11/2023 10:38:52 PM |   ST  |   ID  |     ID_IB  |          Trigger Time  |    LMT Open  |   LMT Close |         SL0  |          PT  |  Quantity  |  Filled  |    AvgPriceFill  |  INIT               
12/11/2023 11:11:47 PM |   ST  |   ID  |     ID_IB  |          Trigger Time  |    LMT Open  |   LMT Close |         SL0  |          PT  |  Quantity  |  Filled  |    AvgPriceFill  |  INIT               
12/12/2023 5:36:14 AM |   ST  |   ID  |     ID_IB  |          Trigger Time  |    LMT Open  |   LMT Close |         SL0  |          PT  |  Quantity  |  Filled  |    AvgPriceFill  |  INIT               
12/12/2023 4:06:01 PM |   ST2 |     1 |         -1 |  12/12/2023 4:06:00 PM |        36450 |            0 |            0 |            0 |      0 |      0 |                0 | Condition ST2 reached
12/12/2023 4:06:06 PM |   ST2 |     1 |         -1 |  12/12/2023 4:06:00 PM |        36450 |            0 |            0 |            0 |      2 |      0 |                0 | <ST2> Request to Open Sent
12/12/2023 4:06:12 PM |   ST2 |     1 |        399 |  12/12/2023 4:06:00 PM |        36450 |            0 |        36391 |        36701 |      2 |      2 |            36451 | <ST2>Order filled completely
12/12/2023 6:46:03 PM |   ST2 |     1 |        399 |  12/12/2023 4:06:00 PM |        36450 |        36565 |        36401 |        36701 |      2 |      2 |                0 | <ST2> Request to Close Sent
12/12/2023 6:46:04 PM |   ST2 |     1 |        400 |  12/12/2023 4:06:00 PM |        36450 |        36565 |        36401 |        36701 |      2 |      2 |                0 | <ST2>Order 400 CLOSE POSITION - Open Timeout 90min
12/12/2023 6:46:10 PM |   ST  |   ID  |     ID_IB  |          Trigger Time  |    LMT Open  |   LMT Close |         SL0  |          PT  |  Quantity  |  Filled  |    AvgPriceFill  |  INIT               
12/12/2023 8:44:34 PM |   ST  |   ID  |     ID_IB  |          Trigger Time  |    LMT Open  |   LMT Close |         SL0  |          PT  |  Quantity  |  Filled  |    AvgPriceFill  |  INIT               
12/12/2023 8:48:53 PM |   ST  |   ID  |     ID_IB  |          Trigger Time  |    LMT Open  |   LMT Close |         SL0  |          PT  |  Quantity  |  Filled  |    AvgPriceFill  |  INIT               
12/12/2023 8:53:56 PM |   ST  |   ID  |     ID_IB  |          Trigger Time  |    LMT Open  |   LMT Close |         SL0  |          PT  |  Quantity  |  Filled  |    AvgPriceFill  |  INIT               
12/12/2023 8:54:22 PM |   ST  |   ID  |     ID_IB  |          Trigger Time  |    LMT Open  |   LMT Close |         SL0  |          PT  |  Quantity  |  Filled  |    AvgPriceFill  |  INIT               
12/12/2023 9:27:20 PM |   ST  |   ID  |     ID_IB  |          Trigger Time  |    LMT Open  |   LMT Close |         SL0  |          PT  |  Quantity  |  Filled  |    AvgPriceFill  |  INIT               
12/12/2023 9:31:10 PM |   ST  |   ID  |     ID_IB  |          Trigger Time  |    LMT Open  |   LMT Close |         SL0  |          PT  |  Quantity  |  Filled  |    AvgPriceFill  |  INIT               
12/12/2023 9:31:39 PM |   ST  |   ID  |     ID_IB  |          Trigger Time  |    LMT Open  |   LMT Close |         SL0  |          PT  |  Quantity  |  Filled  |    AvgPriceFill  |  INIT               
12/13/2023 7:02:58 AM |   ST  |   ID  |     ID_IB  |          Trigger Time  |    LMT Open  |   LMT Close |         SL0  |          PT  |  Quantity  |  Filled  |    AvgPriceFill  |  INIT               
12/13/2023 4:18:02 PM |   ST2 |     1 |         -1 |  12/13/2023 4:18:00 PM |        36590 |            0 |            0 |            0 |      0 |      0 |                0 | Condition ST2 reached
12/13/2023 4:18:07 PM |   ST2 |     1 |         -1 |  12/13/2023 4:18:00 PM |        36590 |            0 |            0 |            0 |      2 |      0 |                0 | <ST2> Request to Open Sent
12/13/2023 4:18:12 PM |   ST2 |     1 |        401 |  12/13/2023 4:18:00 PM |        36590 |            0 |        36527 |        36837 |      2 |      2 |            36587 | <ST2>Order filled completely
12/13/2023 5:50:05 PM |   ST2 |     1 |        401 |  12/13/2023 4:18:00 PM |        36590 |        36605 |        36537 |        36837 |      2 |      2 |                0 | <ST2> Request to Close Sent
12/13/2023 5:50:15 PM |   ST2 |     1 |        402 |  12/13/2023 4:18:00 PM |        36590 |        36605 |        36537 |        36837 |      2 |      2 |                0 | <ST2>Order 402 CLOSE POSITION - Open Timeout 90min
12/13/2023 5:50:18 PM |   ST  |   ID  |     ID_IB  |          Trigger Time  |    LMT Open  |   LMT Close |         SL0  |          PT  |  Quantity  |  Filled  |    AvgPriceFill  |  INIT               
12/13/2023 6:44:32 PM |   ST  |   ID  |     ID_IB  |          Trigger Time  |    LMT Open  |   LMT Close |         SL0  |          PT  |  Quantity  |  Filled  |    AvgPriceFill  |  INIT               
12/13/2023 6:46:20 PM |   ST  |   ID  |     ID_IB  |          Trigger Time  |    LMT Open  |   LMT Close |         SL0  |          PT  |  Quantity  |  Filled  |    AvgPriceFill  |  INIT               
12/13/2023 6:47:47 PM |   ST  |   ID  |     ID_IB  |          Trigger Time  |    LMT Open  |   LMT Close |         SL0  |          PT  |  Quantity  |  Filled  |    AvgPriceFill  |  INIT               
12/13/2023 11:18:56 PM |   ST  |   ID  |     ID_IB  |          Trigger Time  |    LMT Open  |   LMT Close |         SL0  |          PT  |  Quantity  |  Filled  |    AvgPriceFill  |  INIT               
12/14/2023 7:01:23 AM |   ST  |   ID  |     ID_IB  |          Trigger Time  |    LMT Open  |   LMT Close |         SL0  |          PT  |  Quantity  |  Filled  |    AvgPriceFill  |  INIT               
12/14/2023 10:56:05 AM |   ST2 |     1 |         -1 | 12/14/2023 10:56:00 AM |        37546 |            0 |            0 |            0 |      0 |      0 |                0 | Condition ST2 reached
12/14/2023 10:56:10 AM |   ST2 |     1 |         -1 | 12/14/2023 10:56:00 AM |        37546 |            0 |            0 |            0 |      2 |      0 |                0 | <ST2> Request to Open Sent
12/14/2023 10:56:15 AM |   ST2 |     1 |        403 | 12/14/2023 10:56:00 AM |        37546 |            0 |        37485 |        37795 |      2 |      2 |            37545 | <ST2>Order filled completely
12/14/2023 12:28:03 PM |   ST2 |     1 |        403 | 12/14/2023 10:56:00 AM |        37546 |        37580 |        37495 |        37795 |      2 |      2 |                0 | <ST2> Request to Close Sent
12/14/2023 12:28:03 PM |   ST2 |     1 |        404 | 12/14/2023 10:56:00 AM |        37546 |        37580 |        37495 |        37795 |      2 |      2 |                0 | <ST2>Order 404 CLOSE POSITION - Open Timeout 90min
12/14/2023 12:28:08 PM |   ST  |   ID  |     ID_IB  |          Trigger Time  |    LMT Open  |   LMT Close |         SL0  |          PT  |  Quantity  |  Filled  |    AvgPriceFill  |  INIT               
12/14/2023 4:28:04 PM |   ST2 |     2 |         -1 |  12/14/2023 4:28:00 PM |        37547 |            0 |            0 |            0 |      0 |      0 |                0 | Condition ST2 reached
12/14/2023 4:28:09 PM |   ST2 |     2 |         -1 |  12/14/2023 4:28:00 PM |        37547 |            0 |            0 |            0 |      2 |      0 |                0 | <ST2> Request to Open Sent
12/14/2023 4:28:14 PM |   ST2 |     2 |        405 |  12/14/2023 4:28:00 PM |        37547 |            0 |        37486 |        37796 |      2 |      2 |            37546 | <ST2>Order filled completely
12/14/2023 6:55:25 PM |   ST2 |     2 |        405 |  12/14/2023 4:28:00 PM |        37547 |        37631 |        37496 |        37796 |      2 |      2 |                0 | <ST2> Request to Close Sent
12/14/2023 6:55:25 PM |   ST2 |     2 |        406 |  12/14/2023 4:28:00 PM |        37547 |        37631 |        37496 |        37796 |      2 |      2 |                0 | <ST2>Order 406 CLOSE POSITION - Open Timeout 90min
12/14/2023 6:55:30 PM |   ST  |   ID  |     ID_IB  |          Trigger Time  |    LMT Open  |   LMT Close |         SL0  |          PT  |  Quantity  |  Filled  |    AvgPriceFill  |  INIT               
12/14/2023 8:10:02 PM |   ST2 |     3 |         -1 |  12/14/2023 8:10:00 PM |        37518 |            0 |            0 |            0 |      0 |      0 |                0 | Condition ST2 reached
12/14/2023 8:10:07 PM |   ST2 |     3 |         -1 |  12/14/2023 8:10:00 PM |        37518 |            0 |            0 |            0 |      2 |      0 |                0 | <ST2> Request to Open Sent
12/14/2023 8:10:22 PM |   ST2 |     3 |        407 |  12/14/2023 8:10:00 PM |        37518 |            0 |        37441 |        37751 |      2 |      2 |            37501 | <ST2>Order filled completely
12/14/2023 9:42:50 PM |   ST2 |     3 |        407 |  12/14/2023 8:10:00 PM |        37518 |        37586 |        37451 |        37751 |      2 |      2 |                0 | <ST2> Request to Close Sent
12/14/2023 9:42:50 PM |   ST2 |     3 |        408 |  12/14/2023 8:10:00 PM |        37518 |        37586 |        37451 |        37751 |      2 |      2 |                0 | <ST2>Order 408 CLOSE POSITION - Open Timeout 90min
12/14/2023 9:42:55 PM |   ST  |   ID  |     ID_IB  |          Trigger Time  |    LMT Open  |   LMT Close |         SL0  |          PT  |  Quantity  |  Filled  |    AvgPriceFill  |  INIT               
12/14/2023 11:00:36 PM |   ST  |   ID  |     ID_IB  |          Trigger Time  |    LMT Open  |   LMT Close |         SL0  |          PT  |  Quantity  |  Filled  |    AvgPriceFill  |  INIT               
12/14/2023 11:10:17 PM |   ST  |   ID  |     ID_IB  |          Trigger Time  |    LMT Open  |   LMT Close |         SL0  |          PT  |  Quantity  |  Filled  |    AvgPriceFill  |  INIT               
12/14/2023 11:26:49 PM |   ST  |   ID  |     ID_IB  |          Trigger Time  |    LMT Open  |   LMT Close |         SL0  |          PT  |  Quantity  |  Filled  |    AvgPriceFill  |  INIT               
12/15/2023 2:32:05 PM |   ST2 |     1 |         -1 |  12/15/2023 2:32:00 PM |        37721 |            0 |            0 |            0 |      0 |      0 |                0 | Condition ST2 reached
12/15/2023 2:32:11 PM |   ST2 |     1 |         -1 |  12/15/2023 2:32:00 PM |        37721 |            0 |            0 |            0 |      2 |      0 |                0 | <ST2> Request to Open Sent
12/15/2023 3:45:20 PM |   ST  |   ID  |     ID_IB  |          Trigger Time  |    LMT Open  |   LMT Close |         SL0  |          PT  |  Quantity  |  Filled  |    AvgPriceFill  |  INIT               
12/15/2023 4:28:01 PM |   ST2 |     1 |         -1 |  12/15/2023 4:28:00 PM |        37575 |            0 |            0 |            0 |      0 |      0 |                0 | Condition ST2 reached
12/15/2023 4:28:06 PM |   ST2 |     1 |         -1 |  12/15/2023 4:28:00 PM |        37575 |            0 |            0 |            0 |      2 |      0 |                0 | <ST2> Request to Open Sent
12/15/2023 4:28:11 PM |   ST2 |     1 |        410 |  12/15/2023 4:28:00 PM |        37575 |            0 |        37514 |        37824 |      2 |      2 |            37574 | <ST2>Order filled completely
12/15/2023 6:17:39 PM |   ST2 |     1 |        410 |  12/15/2023 4:28:00 PM |        37575 |        37654 |        37524 |        37824 |      2 |      2 |                0 | <ST2> Request to Close Sent
12/15/2023 6:17:40 PM |   ST2 |     1 |        417 |  12/15/2023 4:28:00 PM |        37575 |        37654 |        37524 |        37824 |      2 |      2 |                0 | <ST2>Order 417 CLOSE POSITION - Open Timeout 90min
12/15/2023 6:17:44 PM |   ST  |   ID  |     ID_IB  |          Trigger Time  |    LMT Open  |   LMT Close |         SL0  |          PT  |  Quantity  |  Filled  |    AvgPriceFill  |  INIT               
12/15/2023 8:36:02 PM |   ST2 |     2 |         -1 |  12/15/2023 8:36:00 PM |        37573 |            0 |            0 |            0 |      0 |      0 |                0 | Condition ST2 reached
12/15/2023 8:36:07 PM |   ST2 |     2 |         -1 |  12/15/2023 8:36:00 PM |        37573 |            0 |            0 |            0 |      2 |      0 |                0 | <ST2> Request to Open Sent
12/15/2023 8:36:12 PM |   ST2 |     2 |        418 |  12/15/2023 8:36:00 PM |        37573 |            0 |        37515 |        37825 |      2 |      2 |            37575 | <ST2>Order filled completely
12/15/2023 10:46:42 PM |   ST2 |     2 |        418 |  12/15/2023 8:36:00 PM |        37573 |        37674 |        37525 |        37825 |      2 |      2 |                0 | <ST2> Request to Close Sent
12/15/2023 10:46:42 PM |   ST2 |     2 |        419 |  12/15/2023 8:36:00 PM |        37573 |        37674 |        37525 |        37825 |      2 |      2 |                0 | <ST2>Order 419 CLOSE POSITION - Open Timeout 90min
12/15/2023 10:46:47 PM |   ST  |   ID  |     ID_IB  |          Trigger Time  |    LMT Open  |   LMT Close |         SL0  |          PT  |  Quantity  |  Filled  |    AvgPriceFill  |  INIT               
12/15/2023 10:52:17 PM |   ST  |   ID  |     ID_IB  |          Trigger Time  |    LMT Open  |   LMT Close |         SL0  |          PT  |  Quantity  |  Filled  |    AvgPriceFill  |  INIT               
12/15/2023 10:55:27 PM |   ST  |   ID  |     ID_IB  |          Trigger Time  |    LMT Open  |   LMT Close |         SL0  |          PT  |  Quantity  |  Filled  |    AvgPriceFill  |  INIT               
12/15/2023 11:01:00 PM |   ST  |   ID  |     ID_IB  |          Trigger Time  |    LMT Open  |   LMT Close |         SL0  |          PT  |  Quantity  |  Filled  |    AvgPriceFill  |  INIT               
12/15/2023 11:01:50 PM |   ST  |   ID  |     ID_IB  |          Trigger Time  |    LMT Open  |   LMT Close |         SL0  |          PT  |  Quantity  |  Filled  |    AvgPriceFill  |  INIT               
12/15/2023 11:04:21 PM |   ST  |   ID  |     ID_IB  |          Trigger Time  |    LMT Open  |   LMT Close |         SL0  |          PT  |  Quantity  |  Filled  |    AvgPriceFill  |  INIT               
12/15/2023 11:08:42 PM |   ST  |   ID  |     ID_IB  |          Trigger Time  |    LMT Open  |   LMT Close |         SL0  |          PT  |  Quantity  |  Filled  |    AvgPriceFill  |  INIT               
12/17/2023 11:10:17 PM |   ST  |   ID  |     ID_IB  |          Trigger Time  |    LMT Open  |   LMT Close |         SL0  |          PT  |  Quantity  |  Filled  |    AvgPriceFill  |  INIT               
12/18/2023 6:52:41 AM |   ST  |   ID  |     ID_IB  |          Trigger Time  |    LMT Open  |   LMT Close |         SL0  |          PT  |  Quantity  |  Filled  |    AvgPriceFill  |  INIT               
12/18/2023 10:20:57 AM |   ST  |   ID  |     ID_IB  |          Trigger Time  |    LMT Open  |   LMT Close |         SL0  |          PT  |  Quantity  |  Filled  |    AvgPriceFill  |  INIT               
12/18/2023 5:00:01 PM |   ST2 |     1 |         -1 |  12/18/2023 5:00:00 PM |        37694 |            0 |            0 |            0 |      0 |      0 |                0 | Condition ST2 reached
12/18/2023 5:00:06 PM |   ST2 |     1 |         -1 |  12/18/2023 5:00:00 PM |        37694 |            0 |            0 |            0 |      2 |      0 |                0 | <ST2> Request to Open Sent
12/18/2023 5:01:50 PM |   ST2 |     1 |         -1 |  12/18/2023 5:00:00 PM |        37694 |            0 |            0 |            0 |      2 |      0 |                0 | <ST2> Request to Open Sent
12/18/2023 5:01:55 PM |   ST2 |     1 |        420 |  12/18/2023 5:00:00 PM |        37694 |            0 |        37631 |        37941 |      2 |      2 |            37691 | <ST2>Order filled completely
12/18/2023 6:32:02 PM |   ST2 |     1 |        420 |  12/18/2023 5:00:00 PM |        37694 |        37736 |        37641 |        37941 |      2 |      2 |                0 | <ST2> Request to Close Sent
12/18/2023 6:32:03 PM |   ST2 |     1 |        421 |  12/18/2023 5:00:00 PM |        37694 |        37736 |        37641 |        37941 |      2 |      2 |                0 | <ST2>Order 421 CLOSE POSITION - Open Timeout 90min
12/18/2023 6:32:06 PM |   ST  |   ID  |     ID_IB  |          Trigger Time  |    LMT Open  |   LMT Close |         SL0  |          PT  |  Quantity  |  Filled  |    AvgPriceFill  |  INIT               
12/18/2023 7:30:02 PM |   ST2 |     2 |         -1 |  12/18/2023 7:30:00 PM |        37704 |            0 |            0 |            0 |      0 |      0 |                0 | Condition ST2 reached
12/18/2023 7:30:07 PM |   ST2 |     2 |         -1 |  12/18/2023 7:30:00 PM |        37704 |            0 |            0 |            0 |      2 |      0 |                0 | <ST2> Request to Open Sent
12/18/2023 7:30:21 PM |   ST2 |     2 |        422 |  12/18/2023 7:30:00 PM |        37704 |            0 |        37646 |        37956 |      2 |      2 |            37706 | <ST2>Order filled completely
12/18/2023 9:30:55 PM |   ST2 |     2 |        422 |  12/18/2023 7:30:00 PM |        37704 |        37697 |        37646 |        37956 |      2 |      2 |                0 | <ST2> Request to Close Sent
12/18/2023 9:30:56 PM |   ST2 |     2 |        423 |  12/18/2023 7:30:00 PM |        37704 |        37697 |        37646 |        37956 |      2 |      2 |                0 | <ST2>Order 423 CLOSE POSITION - Open Timeout 90min
12/18/2023 9:31:00 PM |   ST  |   ID  |     ID_IB  |          Trigger Time  |    LMT Open  |   LMT Close |         SL0  |          PT  |  Quantity  |  Filled  |    AvgPriceFill  |  INIT               
12/18/2023 11:10:17 PM |   ST  |   ID  |     ID_IB  |          Trigger Time  |    LMT Open  |   LMT Close |         SL0  |          PT  |  Quantity  |  Filled  |    AvgPriceFill  |  INIT               
12/18/2023 11:16:32 PM |   ST  |   ID  |     ID_IB  |          Trigger Time  |    LMT Open  |   LMT Close |         SL0  |          PT  |  Quantity  |  Filled  |    AvgPriceFill  |  INIT               
12/18/2023 11:29:15 PM |   ST  |   ID  |     ID_IB  |          Trigger Time  |    LMT Open  |   LMT Close |         SL0  |          PT  |  Quantity  |  Filled  |    AvgPriceFill  |  INIT               
12/18/2023 11:34:16 PM |   ST  |   ID  |     ID_IB  |          Trigger Time  |    LMT Open  |   LMT Close |         SL0  |          PT  |  Quantity  |  Filled  |    AvgPriceFill  |  INIT               
12/18/2023 11:37:29 PM |   ST  |   ID  |     ID_IB  |          Trigger Time  |    LMT Open  |   LMT Close |         SL0  |          PT  |  Quantity  |  Filled  |    AvgPriceFill  |  INIT               
12/19/2023 6:46:04 PM |   ST2 |     1 |         -1 |  12/19/2023 6:46:00 PM |        37859 |            0 |            0 |            0 |      0 |      0 |                0 | Condition ST2 reached
12/19/2023 6:46:09 PM |   ST2 |     1 |         -1 |  12/19/2023 6:46:00 PM |        37859 |            0 |            0 |            0 |      2 |      0 |                0 | <ST2> Request to Open Sent
12/19/2023 6:46:14 PM |   ST2 |     1 |        424 |  12/19/2023 6:46:00 PM |        37859 |            0 |        37797 |        38107 |      2 |      2 |            37857 | <ST2>Order filled completely
12/19/2023 8:18:04 PM |   ST2 |     1 |        424 |  12/19/2023 6:46:00 PM |        37859 |        37876 |        37807 |        38107 |      2 |      2 |                0 | <ST2> Request to Close Sent
12/19/2023 8:18:04 PM |   ST2 |     1 |        425 |  12/19/2023 6:46:00 PM |        37859 |        37876 |        37807 |        38107 |      2 |      2 |                0 | <ST2>Order 425 CLOSE POSITION - Open Timeout 90min
12/19/2023 8:18:09 PM |   ST  |   ID  |     ID_IB  |          Trigger Time  |    LMT Open  |   LMT Close |         SL0  |          PT  |  Quantity  |  Filled  |    AvgPriceFill  |  INIT               
12/19/2023 8:36:39 PM |   ST  |   ID  |     ID_IB  |          Trigger Time  |    LMT Open  |   LMT Close |         SL0  |          PT  |  Quantity  |  Filled  |    AvgPriceFill  |  INIT               
12/19/2023 11:10:17 PM |   ST  |   ID  |     ID_IB  |          Trigger Time  |    LMT Open  |   LMT Close |         SL0  |          PT  |  Quantity  |  Filled  |    AvgPriceFill  |  INIT               
12/20/2023 12:09:05 AM |   ST  |   ID  |     ID_IB  |          Trigger Time  |    LMT Open  |   LMT Close |         SL0  |          PT  |  Quantity  |  Filled  |    AvgPriceFill  |  INIT               
12/20/2023 10:40:04 AM |   ST2 |     1 |         -1 | 12/20/2023 10:40:00 AM |        37905 |            0 |            0 |            0 |      0 |      0 |                0 | Condition ST2 reached
12/20/2023 10:40:09 AM |   ST2 |     1 |         -1 | 12/20/2023 10:40:00 AM |        37905 |            0 |            0 |            0 |      2 |      0 |                0 | <ST2> Request to Open Sent
12/20/2023 10:40:20 AM |   ST2 |     1 |        424 | 12/20/2023 10:40:00 AM |        37905 |            0 |        37846 |        38156 |      2 |      2 |            37906 | <ST2>Order filled completely
12/20/2023 12:12:01 PM |   ST2 |     1 |        424 | 12/20/2023 10:40:00 AM |        37905 |        37886 |        37846 |        38156 |      2 |      2 |                0 | <ST2> Request to Close Sent
12/20/2023 12:12:01 PM |   ST2 |     1 |        425 | 12/20/2023 10:40:00 AM |        37905 |        37886 |        37846 |        38156 |      2 |      2 |                0 | <ST2>Order 425 CLOSE POSITION - Open Timeout 90min
12/20/2023 12:12:06 PM |   ST  |   ID  |     ID_IB  |          Trigger Time  |    LMT Open  |   LMT Close |         SL0  |          PT  |  Quantity  |  Filled  |    AvgPriceFill  |  INIT               
12/20/2023 5:32:30 PM |   ST  |   ID  |     ID_IB  |          Trigger Time  |    LMT Open  |   LMT Close |         SL0  |          PT  |  Quantity  |  Filled  |    AvgPriceFill  |  INIT               
12/28/2023 3:47:34 PM |   ST  |   ID  |     ID_IB  |          Trigger Time  |    LMT Open  |   LMT Close |         SL0  |          PT  |  Quantity  |  Filled  |    AvgPriceFill  |  INIT               
12/28/2023 3:47:46 PM |   ST2 |     1 |         -1 |  12/28/2023 3:46:00 PM |        37990 |            0 |            0 |            0 |      0 |      0 |                0 | SIM: Condition ST2 reached
12/28/2023 3:47:50 PM |   ST2 |     1 |         -1 |  12/28/2023 3:46:00 PM |        37990 |            0 |            0 |            0 |      2 |      0 |                0 | <ST2> Request to Open Sent
12/28/2023 3:47:55 PM |   ST2 |     1 |        443 |  12/28/2023 3:46:00 PM |        37990 |            0 |        37932 |        38242 |      2 |      2 |            37992 | <ST2>Order filled completely
12/28/2023 3:48:00 PM |   ST2 |     1 |        443 |  12/28/2023 3:46:00 PM |        37990 |            0 |        37932 |        38242 |      2 |      2 |            37992 | <ST2>Order 443 STP already CLOSED - SL0
12/28/2023 3:48:05 PM |   ST  |   ID  |     ID_IB  |          Trigger Time  |    LMT Open  |   LMT Close |         SL0  |          PT  |  Quantity  |  Filled  |    AvgPriceFill  |  INIT               
12/28/2023 3:48:36 PM |   ST2 |     2 |         -1 |  12/28/2023 3:48:00 PM |        38000 |            0 |            0 |            0 |      0 |      0 |                0 | SIM: Condition ST2 reached
12/28/2023 3:48:40 PM |   ST2 |     2 |         -1 |  12/28/2023 3:48:00 PM |        38000 |            0 |            0 |            0 |      2 |      0 |                0 | <ST2> Request to Open Sent
12/28/2023 3:48:45 PM |   ST2 |     2 |        444 |  12/28/2023 3:48:00 PM |        38000 |            0 |        37940 |        38250 |      2 |      2 |            38000 | <ST2>Order filled completely
12/28/2023 3:48:50 PM |   ST2 |     2 |        444 |  12/28/2023 3:48:00 PM |        38000 |            0 |        37940 |        38250 |      2 |      2 |            38000 | <ST2>Order 444 STP already CLOSED - SL0
12/28/2023 3:48:55 PM |   ST  |   ID  |     ID_IB  |          Trigger Time  |    LMT Open  |   LMT Close |         SL0  |          PT  |  Quantity  |  Filled  |    AvgPriceFill  |  INIT               
12/28/2023 4:00:31 PM |   ST2 |     3 |         -1 |  12/28/2023 4:00:00 PM |        38007 |            0 |            0 |            0 |      0 |      0 |                0 | SIM: Condition ST2 reached
12/28/2023 4:00:34 PM |   ST2 |     3 |         -1 |  12/28/2023 4:00:00 PM |        38007 |            0 |            0 |            0 |      2 |      0 |                0 | <ST2> Request to Open Sent
12/28/2023 4:01:36 PM |   ST  |   ID  |     ID_IB  |          Trigger Time  |    LMT Open  |   LMT Close |         SL0  |          PT  |  Quantity  |  Filled  |    AvgPriceFill  |  INIT               
12/28/2023 4:01:42 PM |   ST2 |     1 |         -1 |  12/28/2023 4:00:00 PM |        38008 |            0 |            0 |            0 |      0 |      0 |                0 | SIM: Condition ST2 reached
12/28/2023 4:01:46 PM |   ST2 |     1 |         -1 |  12/28/2023 4:00:00 PM |        38008 |            0 |            0 |            0 |      2 |      0 |                0 | <ST2> Request to Open Sent
12/28/2023 4:01:51 PM |   ST2 |     1 |        445 |  12/28/2023 4:00:00 PM |        38008 |            0 |        37948 |        38258 |      2 |      2 |            38008 | <ST2>Order filled completely
12/28/2023 4:01:56 PM |   ST2 |     1 |        445 |  12/28/2023 4:00:00 PM |        38008 |            0 |        37948 |        38258 |      2 |      2 |            38008 | <ST2>Order 445 STP already CLOSED - SL0
12/28/2023 4:02:01 PM |   ST  |   ID  |     ID_IB  |          Trigger Time  |    LMT Open  |   LMT Close |         SL0  |          PT  |  Quantity  |  Filled  |    AvgPriceFill  |  INIT               
12/28/2023 4:18:05 PM |   ST  |   ID  |     ID_IB  |          Trigger Time  |    LMT Open  |   LMT Close |         SL0  |          PT  |  Quantity  |  Filled  |    AvgPriceFill  |  INIT               
12/28/2023 4:20:07 PM |   ST2 |     1 |         -1 |  12/28/2023 4:20:00 PM |        38027 |            0 |            0 |            0 |      0 |      0 |                0 | SIM: Condition ST2 reached
12/28/2023 4:20:11 PM |   ST2 |     1 |         -1 |  12/28/2023 4:20:00 PM |        38027 |            0 |            0 |            0 |      2 |      0 |                0 | <ST2> Request to Open Sent
12/28/2023 4:20:22 PM |   ST2 |     1 |        446 |  12/28/2023 4:20:00 PM |        38027 |            0 |        37967 |        38277 |      2 |      2 |            38027 | <ST2>Order filled completely
12/28/2023 4:20:54 PM |   ST2 |     1 |        446 |  12/28/2023 4:20:00 PM |        38027 |            0 |        37967 |        38277 |      2 |      2 |                0 | <ST2> Request to set STP
12/28/2023 4:20:54 PM |   ST2 |     1 |        446 |  12/28/2023 4:20:00 PM |        38027 |            0 |        37967 |        38277 |      2 |      2 |                0 | <ST2>Order 446 SET STP - SL0
12/28/2023 4:30:15 PM |   ST2 |     1 |        446 |  12/28/2023 4:20:00 PM |        38027 |            0 |          -50 |        38277 |      2 |      2 |                0 | <ST2>Order 446 STP already CLOSED - SL0
12/28/2023 4:30:18 PM |   ST  |   ID  |     ID_IB  |          Trigger Time  |    LMT Open  |   LMT Close |         SL0  |          PT  |  Quantity  |  Filled  |    AvgPriceFill  |  INIT               
12/28/2023 4:32:03 PM |   ST  |   ID  |     ID_IB  |          Trigger Time  |    LMT Open  |   LMT Close |         SL0  |          PT  |  Quantity  |  Filled  |    AvgPriceFill  |  INIT               
12/28/2023 4:40:07 PM |   ST2 |     1 |         -1 |  12/28/2023 4:40:00 PM |        38032 |            0 |            0 |            0 |      0 |      0 |                0 | SIM: Condition ST2 reached
12/28/2023 4:40:11 PM |   ST2 |     1 |         -1 |  12/28/2023 4:40:00 PM |        38032 |            0 |            0 |            0 |      2 |      0 |                0 | <ST2> Request to Open Sent
12/28/2023 4:40:21 PM |   ST2 |     1 |        447 |  12/28/2023 4:40:00 PM |        38032 |            0 |        37980 |        38290 |      2 |      2 |            38040 | <ST2>Order filled completely
12/28/2023 4:40:39 PM |   ST2 |     1 |        447 |  12/28/2023 4:40:00 PM |        38032 |            0 |        37980 |        38290 |      2 |      2 |                0 | <ST2> Request to set STP
12/28/2023 4:40:39 PM |   ST2 |     1 |        447 |  12/28/2023 4:40:00 PM |        38032 |            0 |        37980 |        38290 |      2 |      2 |                0 | <ST2>Order 447 SET STP - SL0
12/28/2023 4:44:42 PM |   ST2 |     1 |        447 |  12/28/2023 4:40:00 PM |        38032 |            0 |        38038 |        38045 |      2 |      2 |                0 | SIM: SL0 set 38038PT0 set 38045
12/28/2023 5:07:50 PM |   ST2 |     1 |        447 |  12/28/2023 4:40:00 PM |        38032 |            0 |          -50 |        38045 |      2 |      2 |                0 | <ST2>Order 447 STP already CLOSED - SL0
12/28/2023 5:07:53 PM |   ST  |   ID  |     ID_IB  |          Trigger Time  |    LMT Open  |   LMT Close |         SL0  |          PT  |  Quantity  |  Filled  |    AvgPriceFill  |  INIT               
12/28/2023 9:00:47 PM |   ST2 |     2 |         -1 |  12/28/2023 9:00:00 PM |        38070 |            0 |            0 |            0 |      0 |      0 |                0 | SIM: Condition ST2 reached
12/28/2023 9:00:49 PM |   ST2 |     2 |         -1 |  12/28/2023 9:00:00 PM |        38070 |            0 |            0 |            0 |      2 |      0 |                0 | <ST2> Request to Open Sent
12/28/2023 9:00:54 PM |   ST2 |     2 |        449 |  12/28/2023 9:00:00 PM |        38070 |            0 |        38010 |        38320 |      2 |      2 |            38070 | <ST2>Order filled completely
12/28/2023 9:01:00 PM |   ST2 |     2 |        449 |  12/28/2023 9:00:00 PM |        38070 |            0 |        38010 |        38320 |      2 |      2 |                0 | <ST2> Request to set STP
12/28/2023 9:01:00 PM |   ST2 |     2 |        449 |  12/28/2023 9:00:00 PM |        38070 |            0 |        38010 |        38320 |      2 |      2 |                0 | <ST2>Order 449 SET STP - SL0
12/28/2023 9:02:18 PM |   ST2 |     2 |        449 |  12/28/2023 9:00:00 PM |        38070 |            0 |        38062 |        38069 |      2 |      2 |                0 | SIM: SL0 set 38062PT0 set 38069
12/28/2023 9:02:27 PM |   ST2 |     2 |        449 |  12/28/2023 9:00:00 PM |        38070 |            0 |        38055 |        38062 |      2 |      2 |                0 | SIM: SL0 set 38055PT0 set 38062
12/28/2023 9:02:33 PM |   ST2 |     2 |        449 |  12/28/2023 9:00:00 PM |        38070 |            0 |        38062 |        38069 |      2 |      2 |                0 | SIM: SL0 set 38062PT0 set 38069
12/28/2023 9:06:00 PM |   ST2 |     2 |        449 |  12/28/2023 9:00:00 PM |        38070 |            0 |          -50 |        38069 |      2 |      2 |                0 | <ST2>Order 449 STP already CLOSED - SL0
12/28/2023 9:06:05 PM |   ST  |   ID  |     ID_IB  |          Trigger Time  |    LMT Open  |   LMT Close |         SL0  |          PT  |  Quantity  |  Filled  |    AvgPriceFill  |  INIT               
12/28/2023 9:19:23 PM |   ST  |   ID  |     ID_IB  |          Trigger Time  |    LMT Open  |   LMT Close |         SL0  |          PT  |  Quantity  |  Filled  |    AvgPriceFill  |  INIT               
12/28/2023 9:21:26 PM |   ST2 |     1 |         -1 |  12/28/2023 9:20:00 PM |        38073 |            0 |            0 |            0 |      0 |      0 |                0 | SIM: Condition ST2 reached
12/28/2023 9:21:29 PM |   ST2 |     1 |         -1 |  12/28/2023 9:20:00 PM |        38073 |            0 |            0 |            0 |      2 |      0 |                0 | <ST2> Request to Open Sent
12/28/2023 9:21:34 PM |   ST2 |     1 |        451 |  12/28/2023 9:20:00 PM |        38073 |            0 |        38022 |        38322 |      2 |      2 |            38072 | <ST2>Order filled completely
12/28/2023 9:21:39 PM |   ST2 |     1 |        451 |  12/28/2023 9:20:00 PM |        38073 |            0 |        38022 |        38322 |      2 |      2 |                0 | <ST2> Request to set STP
12/28/2023 9:21:39 PM |   ST2 |     1 |        451 |  12/28/2023 9:20:00 PM |        38073 |            0 |        38022 |        38322 |      2 |      2 |                0 | <ST2>Order 451 SET STP - SL0
12/28/2023 9:22:05 PM |   ST2 |     1 |        451 |  12/28/2023 9:20:00 PM |        38073 |            0 |        38071 |        38078 |      2 |      2 |                0 | SIM: SL0 set 38071PT0 set 38078
12/28/2023 9:22:05 PM |   ST2 |     1 |        451 |  12/28/2023 9:20:00 PM |        38073 |            0 |        38071 |        38078 |      2 |      2 |                0 | <ST2> Request to Close Sent
12/28/2023 9:22:06 PM |   ST2 |     1 |        453 |  12/28/2023 9:20:00 PM |        38073 |            0 |        38071 |        38078 |      2 |      2 |                0 | <SIM:ST2>Order 452 CANCEL POSITION STP - SL0
12/28/2023 9:22:09 PM |   ST2 |     1 |        453 |  12/28/2023 9:20:00 PM |        38073 |            0 |        38071 |        38078 |      2 |      2 |                0 | <ST2>Order 453 STP already CLOSED - SL0
12/28/2023 9:22:14 PM |   ST  |   ID  |     ID_IB  |          Trigger Time  |    LMT Open  |   LMT Close |         SL0  |          PT  |  Quantity  |  Filled  |    AvgPriceFill  |  INIT               
12/30/2023 3:08:20 PM |   ST  |   ID  |     ID_IB  |          Trigger Time  |    LMT Open  |   LMT Close |         SL0  |          PT  |  Quantity  |  Filled  |    AvgPriceFill  |  INIT               
12/30/2023 3:15:23 PM |   ST  |   ID  |     ID_IB  |          Trigger Time  |    LMT Open  |   LMT Close |         SL0  |          PT  |  Quantity  |  Filled  |    AvgPriceFill  |  INIT               
12/30/2023 3:17:31 PM |   ST  |   ID  |     ID_IB  |          Trigger Time  |    LMT Open  |   LMT Close |         SL0  |          PT  |  Quantity  |  Filled  |    AvgPriceFill  |  INIT               
12/30/2023 3:23:58 PM |   ST  |   ID  |     ID_IB  |          Trigger Time  |    LMT Open  |   LMT Close |         SL0  |          PT  |  Quantity  |  Filled  |    AvgPriceFill  |  INIT               
12/30/2023 3:26:10 PM |   ST  |   ID  |     ID_IB  |          Trigger Time  |    LMT Open  |   LMT Close |         SL0  |          PT  |  Quantity  |  Filled  |    AvgPriceFill  |  INIT               
12/30/2023 3:32:24 PM |   ST  |   ID  |     ID_IB  |          Trigger Time  |    LMT Open  |   LMT Close |         SL0  |          PT  |  Quantity  |  Filled  |    AvgPriceFill  |  INIT               
12/30/2023 3:35:17 PM |   ST  |   ID  |     ID_IB  |          Trigger Time  |    LMT Open  |   LMT Close |         SL0  |          PT  |  Quantity  |  Filled  |    AvgPriceFill  |  INIT               
12/30/2023 3:48:31 PM |   ST  |   ID  |     ID_IB  |          Trigger Time  |    LMT Open  |   LMT Close |         SL0  |          PT  |  Quantity  |  Filled  |    AvgPriceFill  |  INIT               
12/30/2023 4:00:06 PM |   ST  |   ID  |     ID_IB  |          Trigger Time  |    LMT Open  |   LMT Close |         SL0  |          PT  |  Quantity  |  Filled  |    AvgPriceFill  |  INIT               
12/30/2023 4:07:26 PM |   ST  |   ID  |     ID_IB  |          Trigger Time  |    LMT Open  |   LMT Close |         SL0  |          PT  |  Quantity  |  Filled  |    AvgPriceFill  |  INIT               
12/30/2023 4:11:15 PM |   ST  |   ID  |     ID_IB  |          Trigger Time  |    LMT Open  |   LMT Close |         SL0  |          PT  |  Quantity  |  Filled  |    AvgPriceFill  |  INIT               
12/30/2023 4:24:18 PM |   ST  |   ID  |     ID_IB  |          Trigger Time  |    LMT Open  |   LMT Close |         SL0  |          PT  |  Quantity  |  Filled  |    AvgPriceFill  |  INIT               
12/30/2023 4:31:59 PM |   ST  |   ID  |     ID_IB  |          Trigger Time  |    LMT Open  |   LMT Close |         SL0  |          PT  |  Quantity  |  Filled  |    AvgPriceFill  |  INIT               
12/30/2023 4:33:51 PM |   ST  |   ID  |     ID_IB  |          Trigger Time  |    LMT Open  |   LMT Close |         SL0  |          PT  |  Quantity  |  Filled  |    AvgPriceFill  |  INIT               
12/30/2023 4:36:56 PM |   ST  |   ID  |     ID_IB  |          Trigger Time  |    LMT Open  |   LMT Close |         SL0  |          PT  |  Quantity  |  Filled  |    AvgPriceFill  |  INIT               
12/30/2023 4:38:15 PM |   ST  |   ID  |     ID_IB  |          Trigger Time  |    LMT Open  |   LMT Close |         SL0  |          PT  |  Quantity  |  Filled  |    AvgPriceFill  |  INIT               
12/30/2023 4:42:44 PM |   ST  |   ID  |     ID_IB  |          Trigger Time  |    LMT Open  |   LMT Close |         SL0  |          PT  |  Quantity  |  Filled  |    AvgPriceFill  |  INIT               
12/30/2023 4:44:09 PM |   ST  |   ID  |     ID_IB  |          Trigger Time  |    LMT Open  |   LMT Close |         SL0  |          PT  |  Quantity  |  Filled  |    AvgPriceFill  |  INIT               
12/30/2023 4:48:20 PM |   ST  |   ID  |     ID_IB  |          Trigger Time  |    LMT Open  |   LMT Close |         SL0  |          PT  |  Quantity  |  Filled  |    AvgPriceFill  |  INIT               
12/30/2023 4:49:39 PM |   ST  |   ID  |     ID_IB  |          Trigger Time  |    LMT Open  |   LMT Close |         SL0  |          PT  |  Quantity  |  Filled  |    AvgPriceFill  |  INIT               
12/30/2023 4:50:17 PM |   ST  |   ID  |     ID_IB  |          Trigger Time  |    LMT Open  |   LMT Close |         SL0  |          PT  |  Quantity  |  Filled  |    AvgPriceFill  |  INIT               
12/30/2023 4:58:49 PM |   ST  |   ID  |     ID_IB  |          Trigger Time  |    LMT Open  |   LMT Close |         SL0  |          PT  |  Quantity  |  Filled  |    AvgPriceFill  |  INIT               
12/30/2023 5:00:44 PM |   ST  |   ID  |     ID_IB  |          Trigger Time  |    LMT Open  |   LMT Close |         SL0  |          PT  |  Quantity  |  Filled  |    AvgPriceFill  |  INIT               
12/30/2023 5:07:47 PM |   ST  |   ID  |     ID_IB  |          Trigger Time  |    LMT Open  |   LMT Close |         SL0  |          PT  |  Quantity  |  Filled  |    AvgPriceFill  |  INIT               
12/30/2023 5:08:23 PM |   ST  |   ID  |     ID_IB  |          Trigger Time  |    LMT Open  |   LMT Close |         SL0  |          PT  |  Quantity  |  Filled  |    AvgPriceFill  |  INIT               
12/30/2023 5:36:04 PM |   ST  |   ID  |     ID_IB  |          Trigger Time  |    LMT Open  |   LMT Close |         SL0  |          PT  |  Quantity  |  Filled  |    AvgPriceFill  |  INIT               
12/30/2023 5:44:52 PM |   ST  |   ID  |     ID_IB  |          Trigger Time  |    LMT Open  |   LMT Close |         SL0  |          PT  |  Quantity  |  Filled  |    AvgPriceFill  |  INIT               
12/30/2023 5:47:25 PM |   ST  |   ID  |     ID_IB  |          Trigger Time  |    LMT Open  |   LMT Close |         SL0  |          PT  |  Quantity  |  Filled  |    AvgPriceFill  |  INIT               
12/30/2023 5:49:28 PM |   ST  |   ID  |     ID_IB  |          Trigger Time  |    LMT Open  |   LMT Close |         SL0  |          PT  |  Quantity  |  Filled  |    AvgPriceFill  |  INIT               
12/30/2023 5:50:05 PM |   ST  |   ID  |     ID_IB  |          Trigger Time  |    LMT Open  |   LMT Close |         SL0  |          PT  |  Quantity  |  Filled  |    AvgPriceFill  |  INIT               
12/30/2023 5:55:44 PM |   ST  |   ID  |     ID_IB  |          Trigger Time  |    LMT Open  |   LMT Close |         SL0  |          PT  |  Quantity  |  Filled  |    AvgPriceFill  |  INIT               
12/30/2023 11:10:17 PM |   ST  |   ID  |     ID_IB  |          Trigger Time  |    LMT Open  |   LMT Close |         SL0  |          PT  |  Quantity  |  Filled  |    AvgPriceFill  |  INIT               
 1/7/2024 6:23:37 PM |   ST  |   ID  |     ID_IB  |          Trigger Time  |    LMT Open  |   LMT Close |         SL0  |          PT  |  Quantity  |  Filled  |    AvgPriceFill  |  INIT               
 1/7/2024 6:41:14 PM |   ST  |   ID  |     ID_IB  |          Trigger Time  |    LMT Open  |   LMT Close |         SL0  |          PT  |  Quantity  |  Filled  |    AvgPriceFill  |  INIT               
 1/7/2024 6:46:39 PM |   ST  |   ID  |     ID_IB  |          Trigger Time  |    LMT Open  |   LMT Close |         SL0  |          PT  |  Quantity  |  Filled  |    AvgPriceFill  |  INIT               
 1/7/2024 6:47:55 PM |   ST  |   ID  |     ID_IB  |          Trigger Time  |    LMT Open  |   LMT Close |         SL0  |          PT  |  Quantity  |  Filled  |    AvgPriceFill  |  INIT               
 1/7/2024 6:49:37 PM |   ST  |   ID  |     ID_IB  |          Trigger Time  |    LMT Open  |   LMT Close |         SL0  |          PT  |  Quantity  |  Filled  |    AvgPriceFill  |  INIT               
 1/7/2024 6:57:23 PM |   ST  |   ID  |     ID_IB  |          Trigger Time  |    LMT Open  |   LMT Close |         SL0  |          PT  |  Quantity  |  Filled  |    AvgPriceFill  |  INIT               
 1/7/2024 6:59:24 PM |   ST  |   ID  |     ID_IB  |          Trigger Time  |    LMT Open  |   LMT Close |         SL0  |          PT  |  Quantity  |  Filled  |    AvgPriceFill  |  INIT               
 1/7/2024 7:04:17 PM |   ST  |   ID  |     ID_IB  |          Trigger Time  |    LMT Open  |   LMT Close |         SL0  |          PT  |  Quantity  |  Filled  |    AvgPriceFill  |  INIT               
 1/7/2024 7:05:42 PM |   ST  |   ID  |     ID_IB  |          Trigger Time  |    LMT Open  |   LMT Close |         SL0  |          PT  |  Quantity  |  Filled  |    AvgPriceFill  |  INIT               
 1/7/2024 7:08:09 PM |   ST  |   ID  |     ID_IB  |          Trigger Time  |    LMT Open  |   LMT Close |         SL0  |          PT  |  Quantity  |  Filled  |    AvgPriceFill  |  INIT               
 1/7/2024 7:08:48 PM |   ST  |   ID  |     ID_IB  |          Trigger Time  |    LMT Open  |   LMT Close |         SL0  |          PT  |  Quantity  |  Filled  |    AvgPriceFill  |  INIT               
 1/7/2024 7:09:23 PM |   ST  |   ID  |     ID_IB  |          Trigger Time  |    LMT Open  |   LMT Close |         SL0  |          PT  |  Quantity  |  Filled  |    AvgPriceFill  |  INIT               
 1/7/2024 7:10:57 PM |   ST  |   ID  |     ID_IB  |          Trigger Time  |    LMT Open  |   LMT Close |         SL0  |          PT  |  Quantity  |  Filled  |    AvgPriceFill  |  INIT               
 1/7/2024 7:13:48 PM |   ST  |   ID  |     ID_IB  |          Trigger Time  |    LMT Open  |   LMT Close |         SL0  |          PT  |  Quantity  |  Filled  |    AvgPriceFill  |  INIT               
 1/7/2024 7:15:56 PM |   ST  |   ID  |     ID_IB  |          Trigger Time  |    LMT Open  |   LMT Close |         SL0  |          PT  |  Quantity  |  Filled  |    AvgPriceFill  |  INIT               
 1/7/2024 7:17:56 PM |   ST  |   ID  |     ID_IB  |          Trigger Time  |    LMT Open  |   LMT Close |         SL0  |          PT  |  Quantity  |  Filled  |    AvgPriceFill  |  INIT               
 1/7/2024 7:18:47 PM |   ST  |   ID  |     ID_IB  |          Trigger Time  |    LMT Open  |   LMT Close |         SL0  |          PT  |  Quantity  |  Filled  |    AvgPriceFill  |  INIT               
 1/7/2024 7:23:51 PM |   ST  |   ID  |     ID_IB  |          Trigger Time  |    LMT Open  |   LMT Close |         SL0  |          PT  |  Quantity  |  Filled  |    AvgPriceFill  |  INIT               
 1/7/2024 7:30:52 PM |   ST  |   ID  |     ID_IB  |          Trigger Time  |    LMT Open  |   LMT Close |         SL0  |          PT  |  Quantity  |  Filled  |    AvgPriceFill  |  INIT               
 1/7/2024 7:32:56 PM |   ST  |   ID  |     ID_IB  |          Trigger Time  |    LMT Open  |   LMT Close |         SL0  |          PT  |  Quantity  |  Filled  |    AvgPriceFill  |  INIT               
 1/7/2024 7:35:52 PM |   ST  |   ID  |     ID_IB  |          Trigger Time  |    LMT Open  |   LMT Close |         SL0  |          PT  |  Quantity  |  Filled  |    AvgPriceFill  |  INIT               
 1/7/2024 7:37:21 PM |   ST  |   ID  |     ID_IB  |          Trigger Time  |    LMT Open  |   LMT Close |         SL0  |          PT  |  Quantity  |  Filled  |    AvgPriceFill  |  INIT               
 1/7/2024 7:38:45 PM |   ST  |   ID  |     ID_IB  |          Trigger Time  |    LMT Open  |   LMT Close |         SL0  |          PT  |  Quantity  |  Filled  |    AvgPriceFill  |  INIT               
 1/7/2024 7:41:28 PM |   ST  |   ID  |     ID_IB  |          Trigger Time  |    LMT Open  |   LMT Close |         SL0  |          PT  |  Quantity  |  Filled  |    AvgPriceFill  |  INIT               
 1/7/2024 8:11:34 PM |   ST  |   ID  |     ID_IB  |          Trigger Time  |    LMT Open  |   LMT Close |         SL0  |          PT  |  Quantity  |  Filled  |    AvgPriceFill  |  INIT               
 1/7/2024 8:17:37 PM |   ST  |   ID  |     ID_IB  |          Trigger Time  |    LMT Open  |   LMT Close |         SL0  |          PT  |  Quantity  |  Filled  |    AvgPriceFill  |  INIT               
 1/7/2024 8:19:28 PM |   ST  |   ID  |     ID_IB  |          Trigger Time  |    LMT Open  |   LMT Close |         SL0  |          PT  |  Quantity  |  Filled  |    AvgPriceFill  |  INIT               
1/7/2024 10:06:28 PM |   ST  |   ID  |     ID_IB  |          Trigger Time  |    LMT Open  |   LMT Close |         SL0  |          PT  |  Quantity  |  Filled  |    AvgPriceFill  |  INIT               
1/7/2024 10:07:27 PM |   ST  |   ID  |     ID_IB  |          Trigger Time  |    LMT Open  |   LMT Close |         SL0  |          PT  |  Quantity  |  Filled  |    AvgPriceFill  |  INIT               
1/7/2024 10:09:24 PM |   ST  |   ID  |     ID_IB  |          Trigger Time  |    LMT Open  |   LMT Close |         SL0  |          PT  |  Quantity  |  Filled  |    AvgPriceFill  |  INIT               
1/14/2024 8:08:26 PM |   ST  |   ID  |     ID_IB  |          Trigger Time  |    LMT Open  |   LMT Close |         SL0  |          PT  |  Quantity  |  Filled  |    AvgPriceFill  |  INIT               
1/14/2024 8:25:43 PM |   ST  |   ID  |     ID_IB  |          Trigger Time  |    LMT Open  |   LMT Close |         SL0  |          PT  |  Quantity  |  Filled  |    AvgPriceFill  |  INIT               
1/14/2024 8:28:11 PM |   ST  |   ID  |     ID_IB  |          Trigger Time  |    LMT Open  |   LMT Close |         SL0  |          PT  |  Quantity  |  Filled  |    AvgPriceFill  |  INIT               
1/14/2024 8:29:50 PM |   ST  |   ID  |     ID_IB  |          Trigger Time  |    LMT Open  |   LMT Close |         SL0  |          PT  |  Quantity  |  Filled  |    AvgPriceFill  |  INIT               
1/14/2024 8:31:25 PM |   ST  |   ID  |     ID_IB  |          Trigger Time  |    LMT Open  |   LMT Close |         SL0  |          PT  |  Quantity  |  Filled  |    AvgPriceFill  |  INIT               
1/14/2024 8:36:43 PM |   ST  |   ID  |     ID_IB  |          Trigger Time  |    LMT Open  |   LMT Close |         SL0  |          PT  |  Quantity  |  Filled  |    AvgPriceFill  |  INIT               
1/14/2024 9:03:54 PM |   ST  |   ID  |     ID_IB  |          Trigger Time  |    LMT Open  |   LMT Close |         SL0  |          PT  |  Quantity  |  Filled  |    AvgPriceFill  |  INIT               
1/14/2024 9:15:13 PM |   ST  |   ID  |     ID_IB  |          Trigger Time  |    LMT Open  |   LMT Close |         SL0  |          PT  |  Quantity  |  Filled  |    AvgPriceFill  |  INIT               
1/14/2024 9:17:32 PM |   ST  |   ID  |     ID_IB  |          Trigger Time  |    LMT Open  |   LMT Close |         SL0  |          PT  |  Quantity  |  Filled  |    AvgPriceFill  |  INIT               
1/14/2024 9:18:20 PM |   ST  |   ID  |     ID_IB  |          Trigger Time  |    LMT Open  |   LMT Close |         SL0  |          PT  |  Quantity  |  Filled  |    AvgPriceFill  |  INIT               
1/14/2024 9:19:31 PM |   ST  |   ID  |     ID_IB  |          Trigger Time  |    LMT Open  |   LMT Close |         SL0  |          PT  |  Quantity  |  Filled  |    AvgPriceFill  |  INIT               
1/14/2024 9:33:10 PM |   ST  |   ID  |     ID_IB  |          Trigger Time  |    LMT Open  |   LMT Close |         SL0  |          PT  |  Quantity  |  Filled  |    AvgPriceFill  |  INIT               
1/14/2024 10:34:28 PM |   ST  |   ID  |     ID_IB  |          Trigger Time  |    LMT Open  |   LMT Close |         SL0  |          PT  |  Quantity  |  Filled  |    AvgPriceFill  |  INIT               
1/14/2024 10:36:04 PM |   ST  |   ID  |     ID_IB  |          Trigger Time  |    LMT Open  |   LMT Close |         SL0  |          PT  |  Quantity  |  Filled  |    AvgPriceFill  |  INIT               
1/14/2024 10:37:22 PM |   ST  |   ID  |     ID_IB  |          Trigger Time  |    LMT Open  |   LMT Close |         SL0  |          PT  |  Quantity  |  Filled  |    AvgPriceFill  |  INIT               
1/14/2024 10:48:09 PM |   ST  |   ID  |     ID_IB  |          Trigger Time  |    LMT Open  |   LMT Close |         SL0  |          PT  |  Quantity  |  Filled  |    AvgPriceFill  |  INIT               
1/14/2024 10:50:37 PM |   ST  |   ID  |     ID_IB  |          Trigger Time  |    LMT Open  |   LMT Close |         SL0  |          PT  |  Quantity  |  Filled  |    AvgPriceFill  |  INIT               
1/14/2024 10:54:41 PM |   ST  |   ID  |     ID_IB  |          Trigger Time  |    LMT Open  |   LMT Close |         SL0  |          PT  |  Quantity  |  Filled  |    AvgPriceFill  |  INIT               
1/14/2024 10:56:13 PM |   ST  |   ID  |     ID_IB  |          Trigger Time  |    LMT Open  |   LMT Close |         SL0  |          PT  |  Quantity  |  Filled  |    AvgPriceFill  |  INIT               
1/15/2024 8:57:53 PM |   ST  |   ID  |     ID_IB  |          Trigger Time  |    LMT Open  |   LMT Close |         SL0  |          PT  |  Quantity  |  Filled  |    AvgPriceFill  |  INIT               
1/15/2024 8:58:58 PM |   ST  |   ID  |     ID_IB  |          Trigger Time  |    LMT Open  |   LMT Close |         SL0  |          PT  |  Quantity  |  Filled  |    AvgPriceFill  |  INIT               
1/15/2024 9:01:23 PM |   ST  |   ID  |     ID_IB  |          Trigger Time  |    LMT Open  |   LMT Close |         SL0  |          PT  |  Quantity  |  Filled  |    AvgPriceFill  |  INIT               
1/15/2024 9:05:39 PM |   ST  |   ID  |     ID_IB  |          Trigger Time  |    LMT Open  |   LMT Close |         SL0  |          PT  |  Quantity  |  Filled  |    AvgPriceFill  |  INIT               
1/15/2024 9:07:04 PM |   ST  |   ID  |     ID_IB  |          Trigger Time  |    LMT Open  |   LMT Close |         SL0  |          PT  |  Quantity  |  Filled  |    AvgPriceFill  |  INIT               
1/15/2024 9:08:58 PM |   ST  |   ID  |     ID_IB  |          Trigger Time  |    LMT Open  |   LMT Close |         SL0  |          PT  |  Quantity  |  Filled  |    AvgPriceFill  |  INIT               
1/15/2024 9:12:03 PM |   ST  |   ID  |     ID_IB  |          Trigger Time  |    LMT Open  |   LMT Close |         SL0  |          PT  |  Quantity  |  Filled  |    AvgPriceFill  |  INIT               
1/15/2024 9:13:43 PM |   ST  |   ID  |     ID_IB  |          Trigger Time  |    LMT Open  |   LMT Close |         SL0  |          PT  |  Quantity  |  Filled  |    AvgPriceFill  |  INIT               
1/15/2024 9:15:34 PM |   ST  |   ID  |     ID_IB  |          Trigger Time  |    LMT Open  |   LMT Close |         SL0  |          PT  |  Quantity  |  Filled  |    AvgPriceFill  |  INIT               
1/15/2024 9:16:23 PM |   ST  |   ID  |     ID_IB  |          Trigger Time  |    LMT Open  |   LMT Close |         SL0  |          PT  |  Quantity  |  Filled  |    AvgPriceFill  |  INIT               
1/15/2024 9:17:01 PM |   ST  |   ID  |     ID_IB  |          Trigger Time  |    LMT Open  |   LMT Close |         SL0  |          PT  |  Quantity  |  Filled  |    AvgPriceFill  |  INIT               
1/15/2024 9:21:21 PM |   ST  |   ID  |     ID_IB  |          Trigger Time  |    LMT Open  |   LMT Close |         SL0  |          PT  |  Quantity  |  Filled  |    AvgPriceFill  |  INIT               
1/15/2024 9:22:52 PM |   ST  |   ID  |     ID_IB  |          Trigger Time  |    LMT Open  |   LMT Close |         SL0  |          PT  |  Quantity  |  Filled  |    AvgPriceFill  |  INIT               
1/15/2024 9:27:39 PM |   ST  |   ID  |     ID_IB  |          Trigger Time  |    LMT Open  |   LMT Close |         SL0  |          PT  |  Quantity  |  Filled  |    AvgPriceFill  |  INIT               
1/15/2024 9:29:31 PM |   ST  |   ID  |     ID_IB  |          Trigger Time  |    LMT Open  |   LMT Close |         SL0  |          PT  |  Quantity  |  Filled  |    AvgPriceFill  |  INIT               
1/15/2024 9:33:40 PM |   ST  |   ID  |     ID_IB  |          Trigger Time  |    LMT Open  |   LMT Close |         SL0  |          PT  |  Quantity  |  Filled  |    AvgPriceFill  |  INIT               
1/15/2024 9:46:00 PM |   ST  |   ID  |     ID_IB  |          Trigger Time  |    LMT Open  |   LMT Close |         SL0  |          PT  |  Quantity  |  Filled  |    AvgPriceFill  |  INIT               
1/15/2024 9:51:44 PM |   ST  |   ID  |     ID_IB  |          Trigger Time  |    LMT Open  |   LMT Close |         SL0  |          PT  |  Quantity  |  Filled  |    AvgPriceFill  |  INIT               
1/15/2024 9:53:53 PM |   ST  |   ID  |     ID_IB  |          Trigger Time  |    LMT Open  |   LMT Close |         SL0  |          PT  |  Quantity  |  Filled  |    AvgPriceFill  |  INIT               
1/15/2024 9:55:10 PM |   ST  |   ID  |     ID_IB  |          Trigger Time  |    LMT Open  |   LMT Close |         SL0  |          PT  |  Quantity  |  Filled  |    AvgPriceFill  |  INIT               
1/15/2024 9:55:57 PM |   ST  |   ID  |     ID_IB  |          Trigger Time  |    LMT Open  |   LMT Close |         SL0  |          PT  |  Quantity  |  Filled  |    AvgPriceFill  |  INIT               
1/15/2024 9:58:09 PM |   ST  |   ID  |     ID_IB  |          Trigger Time  |    LMT Open  |   LMT Close |         SL0  |          PT  |  Quantity  |  Filled  |    AvgPriceFill  |  INIT               
1/15/2024 9:59:00 PM |   ST  |   ID  |     ID_IB  |          Trigger Time  |    LMT Open  |   LMT Close |         SL0  |          PT  |  Quantity  |  Filled  |    AvgPriceFill  |  INIT               
1/15/2024 10:00:24 PM |   ST  |   ID  |     ID_IB  |          Trigger Time  |    LMT Open  |   LMT Close |         SL0  |          PT  |  Quantity  |  Filled  |    AvgPriceFill  |  INIT               
1/15/2024 10:01:10 PM |   ST  |   ID  |     ID_IB  |          Trigger Time  |    LMT Open  |   LMT Close |         SL0  |          PT  |  Quantity  |  Filled  |    AvgPriceFill  |  INIT               
1/15/2024 10:29:30 PM |   ST  |   ID  |     ID_IB  |          Trigger Time  |    LMT Open  |   LMT Close |         SL0  |          PT  |  Quantity  |  Filled  |    AvgPriceFill  |  INIT               
1/27/2024 3:03:56 PM |   ST  |   ID  |     ID_IB  |          Trigger Time  |    LMT Open  |   LMT Close |         SL0  |          PT  |  Quantity  |  Filled  |    AvgPriceFill  |  INIT               
1/28/2024 9:48:14 PM |   ST  |   ID  |     ID_IB  |          Trigger Time  |    LMT Open  |   LMT Close |         SL0  |          PT  |  Quantity  |  Filled  |    AvgPriceFill  |  INIT               
1/28/2024 9:54:00 PM |   ST  |   ID  |     ID_IB  |          Trigger Time  |    LMT Open  |   LMT Close |         SL0  |          PT  |  Quantity  |  Filled  |    AvgPriceFill  |  INIT               
 2/2/2024 9:52:59 PM |   ST  |   ID  |     ID_IB  |          Trigger Time  |    LMT Open  |   LMT Close |         SL0  |          PT  |  Quantity  |  Filled  |    AvgPriceFill  |  INIT               
2/2/2024 10:29:04 PM |   ST  |   ID  |     ID_IB  |          Trigger Time  |    LMT Open  |   LMT Close |         SL0  |          PT  |  Quantity  |  Filled  |    AvgPriceFill  |  INIT               
2/2/2024 10:31:16 PM |   ST  |   ID  |     ID_IB  |          Trigger Time  |    LMT Open  |   LMT Close |         SL0  |          PT  |  Quantity  |  Filled  |    AvgPriceFill  |  INIT               
2/2/2024 10:32:28 PM |   ST  |   ID  |     ID_IB  |          Trigger Time  |    LMT Open  |   LMT Close |         SL0  |          PT  |  Quantity  |  Filled  |    AvgPriceFill  |  INIT               
2/2/2024 10:33:21 PM |   ST  |   ID  |     ID_IB  |          Trigger Time  |    LMT Open  |   LMT Close |         SL0  |          PT  |  Quantity  |  Filled  |    AvgPriceFill  |  INIT               
2/2/2024 10:35:08 PM |   ST  |   ID  |     ID_IB  |          Trigger Time  |    LMT Open  |   LMT Close |         SL0  |          PT  |  Quantity  |  Filled  |    AvgPriceFill  |  INIT               
2/2/2024 10:36:12 PM |   ST  |   ID  |     ID_IB  |          Trigger Time  |    LMT Open  |   LMT Close |         SL0  |          PT  |  Quantity  |  Filled  |    AvgPriceFill  |  INIT               
2/2/2024 10:37:39 PM |   ST  |   ID  |     ID_IB  |          Trigger Time  |    LMT Open  |   LMT Close |         SL0  |          PT  |  Quantity  |  Filled  |    AvgPriceFill  |  INIT               
2/2/2024 11:01:57 PM |   ST  |   ID  |     ID_IB  |          Trigger Time  |    LMT Open  |   LMT Close |         SL0  |          PT  |  Quantity  |  Filled  |    AvgPriceFill  |  INIT               
2/2/2024 11:05:59 PM |   ST  |   ID  |     ID_IB  |          Trigger Time  |    LMT Open  |   LMT Close |         SL0  |          PT  |  Quantity  |  Filled  |    AvgPriceFill  |  INIT               
2/2/2024 11:07:09 PM |   ST  |   ID  |     ID_IB  |          Trigger Time  |    LMT Open  |   LMT Close |         SL0  |          PT  |  Quantity  |  Filled  |    AvgPriceFill  |  INIT               
2/2/2024 11:14:23 PM |   ST  |   ID  |     ID_IB  |          Trigger Time  |    LMT Open  |   LMT Close |         SL0  |          PT  |  Quantity  |  Filled  |    AvgPriceFill  |  INIT               
2/2/2024 11:18:04 PM |   ST  |   ID  |     ID_IB  |          Trigger Time  |    LMT Open  |   LMT Close |         SL0  |          PT  |  Quantity  |  Filled  |    AvgPriceFill  |  INIT               
2/2/2024 11:19:51 PM |   ST  |   ID  |     ID_IB  |          Trigger Time  |    LMT Open  |   LMT Close |         SL0  |          PT  |  Quantity  |  Filled  |    AvgPriceFill  |  INIT               
2/2/2024 11:21:15 PM |   ST  |   ID  |     ID_IB  |          Trigger Time  |    LMT Open  |   LMT Close |         SL0  |          PT  |  Quantity  |  Filled  |    AvgPriceFill  |  INIT               
2/2/2024 11:23:03 PM |   ST  |   ID  |     ID_IB  |          Trigger Time  |    LMT Open  |   LMT Close |         SL0  |          PT  |  Quantity  |  Filled  |    AvgPriceFill  |  INIT               
2/2/2024 11:28:51 PM |   ST  |   ID  |     ID_IB  |          Trigger Time  |    LMT Open  |   LMT Close |         SL0  |          PT  |  Quantity  |  Filled  |    AvgPriceFill  |  INIT               
2/3/2024 11:10:17 PM |   ST  |   ID  |     ID_IB  |          Trigger Time  |    LMT Open  |   LMT Close |         SL0  |          PT  |  Quantity  |  Filled  |    AvgPriceFill  |  INIT               
2/18/2024 8:05:58 PM |   ST  |   ID  |     ID_IB  |          Trigger Time  |    LMT Open  |   LMT Close |         SL0  |          PT  |  Quantity  |  Filled  |    AvgPriceFill  |  INIT               
2/18/2024 9:06:12 PM |   ST  |   ID  |     ID_IB  |          Trigger Time  |    LMT Open  |   LMT Close |         SL0  |          PT  |  Quantity  |  Filled  |    AvgPriceFill  |  INIT               
2/18/2024 9:12:59 PM |   ST  |   ID  |     ID_IB  |          Trigger Time  |    LMT Open  |   LMT Close |         SL0  |          PT  |  Quantity  |  Filled  |    AvgPriceFill  |  INIT               
2/19/2024 10:16:25 PM |   ST  |   ID  |     ID_IB  |          Trigger Time  |    LMT Open  |   LMT Close |         SL0  |          PT  |  Quantity  |  Filled  |    AvgPriceFill  |  INIT               
2/20/2024 4:56:24 PM |   ST  |   ID  |     ID_IB  |          Trigger Time  |    LMT Open  |   LMT Close |         SL0  |          PT  |  Quantity  |  Filled  |    AvgPriceFill  |  INIT               
2/20/2024 4:56:36 PM |   ST2 |     1 |         -1 |   2/20/2024 4:56:00 PM |        38707 |            0 |            0 |            0 |      0 |      0 |                0 | SIM: Condition ST2 reached
2/20/2024 4:56:36 PM |   ST2 |     1 |         -1 |   2/20/2024 4:56:00 PM |        38707 |            0 |            0 |            0 |      2 |      0 |                0 | <ST2> Request to Open Sent
2/20/2024 4:56:37 PM |   ST2 |     1 |        643 |   2/20/2024 4:56:00 PM |        38707 |            0 |            0 |            0 |      2 |      0 |                0 | SIM: Condition ST2 reached
2/20/2024 4:56:37 PM |   ST2 |     1 |        643 |   2/20/2024 4:56:00 PM |        38707 |            0 |            0 |            0 |      2 |      0 |                0 | <ST2> Request to Open Sent
2/20/2024 4:56:40 PM |   ST2 |     1 |        644 |   2/20/2024 4:56:00 PM |        38707 |            0 |        38585 |        38955 |      2 |      2 |            38705 | <ST2>Order filled completely
2/20/2024 5:00:45 PM |   ST  |   ID  |     ID_IB  |          Trigger Time  |    LMT Open  |   LMT Close |         SL0  |          PT  |  Quantity  |  Filled  |    AvgPriceFill  |  INIT               
2/20/2024 5:01:02 PM |   ST2 |     1 |         -1 |   2/20/2024 5:00:00 PM |        38727 |            0 |            0 |            0 |      0 |      0 |                0 | SIM: Condition ST2 reached
2/20/2024 5:01:02 PM |   ST2 |     1 |         -1 |   2/20/2024 5:00:00 PM |        38727 |            0 |            0 |            0 |      2 |      0 |                0 | <ST2> Request to Open Sent
2/20/2024 5:01:05 PM |   ST2 |     1 |        645 |   2/20/2024 5:00:00 PM |        38727 |            0 |        38607 |        38977 |      2 |      2 |            38727 | <ST2>Order filled completely
 3/9/2024 2:59:54 PM |   ST  |   ID  |     ID_IB  |          Trigger Time  |    LMT Open  |   LMT Close |         SL0  |          PT  |  Quantity  |  Filled  |    AvgPriceFill  |  INIT               
 3/9/2024 3:09:34 PM |   ST  |   ID  |     ID_IB  |          Trigger Time  |    LMT Open  |   LMT Close |         SL0  |          PT  |  Quantity  |  Filled  |    AvgPriceFill  |  INIT               
 3/9/2024 3:19:07 PM |   ST  |   ID  |     ID_IB  |          Trigger Time  |    LMT Open  |   LMT Close |         SL0  |          PT  |  Quantity  |  Filled  |    AvgPriceFill  |  INIT               
 3/9/2024 3:36:28 PM |   ST  |   ID  |     ID_IB  |          Trigger Time  |    LMT Open  |   LMT Close |         SL0  |          PT  |  Quantity  |  Filled  |    AvgPriceFill  |  INIT               
 3/9/2024 3:59:07 PM |   ST  |   ID  |     ID_IB  |          Trigger Time  |    LMT Open  |   LMT Close |         SL0  |          PT  |  Quantity  |  Filled  |    AvgPriceFill  |  INIT               
 3/9/2024 3:59:17 PM |   ST  |   ID  |     ID_IB  |          Trigger Time  |    LMT Open  |   LMT Close |         SL0  |          PT  |  Quantity  |  Filled  |    AvgPriceFill  |  INIT               
 3/9/2024 4:02:18 PM |   ST  |   ID  |     ID_IB  |          Trigger Time  |    LMT Open  |   LMT Close |         SL0  |          PT  |  Quantity  |  Filled  |    AvgPriceFill  |  INIT               
 3/9/2024 4:13:45 PM |   ST  |   ID  |     ID_IB  |          Trigger Time  |    LMT Open  |   LMT Close |         SL0  |          PT  |  Quantity  |  Filled  |    AvgPriceFill  |  INIT               
 3/9/2024 4:23:47 PM |   ST  |   ID  |     ID_IB  |          Trigger Time  |    LMT Open  |   LMT Close |         SL0  |          PT  |  Quantity  |  Filled  |    AvgPriceFill  |  INIT               
3/9/2024 11:10:17 PM |   ST  |   ID  |     ID_IB  |          Trigger Time  |    LMT Open  |   LMT Close |         SL0  |          PT  |  Quantity  |  Filled  |    AvgPriceFill  |  INIT               
3/10/2024 3:17:35 PM |   ST  |   ID  |     ID_IB  |          Trigger Time  |    LMT Open  |   LMT Close |         SL0  |          PT  |  Quantity  |  Filled  |    AvgPriceFill  |  INIT               
3/10/2024 3:18:31 PM |   ST  |   ID  |     ID_IB  |          Trigger Time  |    LMT Open  |   LMT Close |         SL0  |          PT  |  Quantity  |  Filled  |    AvgPriceFill  |  INIT               
3/10/2024 3:23:34 PM |   ST  |   ID  |     ID_IB  |          Trigger Time  |    LMT Open  |   LMT Close |         SL0  |          PT  |  Quantity  |  Filled  |    AvgPriceFill  |  INIT               
3/10/2024 3:23:54 PM |   ST  |   ID  |     ID_IB  |          Trigger Time  |    LMT Open  |   LMT Close |         SL0  |          PT  |  Quantity  |  Filled  |    AvgPriceFill  |  INIT               
3/10/2024 8:35:00 PM |   ST  |   ID  |     ID_IB  |          Trigger Time  |    LMT Open  |   LMT Close |         SL0  |          PT  |  Quantity  |  Filled  |    AvgPriceFill  |  INIT               
3/10/2024 8:36:05 PM |   ST  |   ID  |     ID_IB  |          Trigger Time  |    LMT Open  |   LMT Close |         SL0  |          PT  |  Quantity  |  Filled  |    AvgPriceFill  |  INIT               
3/10/2024 8:39:16 PM |   ST  |   ID  |     ID_IB  |          Trigger Time  |    LMT Open  |   LMT Close |         SL0  |          PT  |  Quantity  |  Filled  |    AvgPriceFill  |  INIT               
3/10/2024 8:40:03 PM |   ST  |   ID  |     ID_IB  |          Trigger Time  |    LMT Open  |   LMT Close |         SL0  |          PT  |  Quantity  |  Filled  |    AvgPriceFill  |  INIT               
3/10/2024 8:42:27 PM |   ST  |   ID  |     ID_IB  |          Trigger Time  |    LMT Open  |   LMT Close |         SL0  |          PT  |  Quantity  |  Filled  |    AvgPriceFill  |  INIT               
3/10/2024 8:43:28 PM |   ST  |   ID  |     ID_IB  |          Trigger Time  |    LMT Open  |   LMT Close |         SL0  |          PT  |  Quantity  |  Filled  |    AvgPriceFill  |  INIT               
3/25/2024 4:54:55 PM |   ST  |   ID  |     ID_IB  |          Trigger Time  |    LMT Open  |   LMT Close |         SL0  |          PT  |  Quantity  |  Filled  |    AvgPriceFill  |  INIT               
3/25/2024 5:02:52 PM |   ST  |   ID  |     ID_IB  |          Trigger Time  |    LMT Open  |   LMT Close |         SL0  |          PT  |  Quantity  |  Filled  |    AvgPriceFill  |  INIT               
3/25/2024 5:35:31 PM |   ST  |   ID  |     ID_IB  |          Trigger Time  |    LMT Open  |   LMT Close |         SL0  |          PT  |  Quantity  |  Filled  |    AvgPriceFill  |  INIT               
